<?xml version="1.0" encoding="UTF-8"?>
<testsuite name="testAddAdmin" tests="4" skipped="0" failures="0" errors="0" timestamp="2020-12-21T11:58:44" hostname="DESKTOP-ANU2VG1" time="0.283">
  <properties/>
  <testcase name="addschueler400V1" classname="testAddAdmin" time="0.212"/>
  <testcase name="addschueler400V2" classname="testAddAdmin" time="0.013"/>
  <testcase name="addschueler400V3" classname="testAddAdmin" time="0.005"/>
  <testcase name="addschueler201" classname="testAddAdmin" time="0.051"/>
  <system-out><![CDATA[


Location: http://127.0.0.1:8080/admins/4

]]></system-out>
  <system-err><![CDATA[]]></system-err>
</testsuite>
