<?xml version="1.0" encoding="UTF-8"?>
<testsuite name="testGetFahrschule" tests="4" skipped="0" failures="0" errors="0" timestamp="2020-12-21T11:58:45" hostname="DESKTOP-ANU2VG1" time="0.016">
  <properties/>
  <testcase name="getFahrschule200WithFahrzeugklasse" classname="testGetFahrschule" time="0.005"/>
  <testcase name="getFahrschule200WithBezeichnung" classname="testGetFahrschule" time="0.003"/>
  <testcase name="getFahrschule200WithoutParams" classname="testGetFahrschule" time="0.004"/>
  <testcase name="getFahrschule200WithBothParams" classname="testGetFahrschule" time="0.004"/>
  <system-out><![CDATA[Location: null
Location: null
Location: null
Location: null
]]></system-out>
  <system-err><![CDATA[]]></system-err>
</testsuite>
