<?xml version="1.0" encoding="UTF-8"?>
<testsuite name="testAddFahrstundenbyFahrlehrer" tests="3" skipped="0" failures="0" errors="0" timestamp="2020-12-18T17:32:00" hostname="DESKTOP-ANU2VG1" time="0.164">
  <properties/>
  <testcase name="addFahrstunde201" classname="testAddFahrstundenbyFahrlehrer" time="0.07"/>
  <testcase name="addFahrstunde400V1" classname="testAddFahrstundenbyFahrlehrer" time="0.063"/>
  <testcase name="addFahrstunde400V2" classname="testAddFahrstundenbyFahrlehrer" time="0.03"/>
  <system-out><![CDATA[Location: http://127.0.0.1:8080/fahrstunden/74

Location: null

Location: null

]]></system-out>
  <system-err><![CDATA[]]></system-err>
</testsuite>
