<?xml version="1.0" encoding="UTF-8"?>
<testsuite name="testGetFahrzeug" tests="4" skipped="0" failures="0" errors="0" timestamp="2020-12-20T16:18:44" hostname="DESKTOP-ANU2VG1" time="0.016">
  <properties/>
  <testcase name="getFahrzeug200WithKennzeichen" classname="testGetFahrzeug" time="0.004"/>
  <testcase name="getFahrzeug200WithErstzulassungsdatum" classname="testGetFahrzeug" time="0.004"/>
  <testcase name="getFahrzeug200WithoutParams" classname="testGetFahrzeug" time="0.004"/>
  <testcase name="getFahrzeug200WithBothParams" classname="testGetFahrzeug" time="0.003"/>
  <system-out><![CDATA[Location: null
Location: null
Location: null
Location: null
]]></system-out>
  <system-err><![CDATA[]]></system-err>
</testsuite>
