<?xml version="1.0" encoding="UTF-8"?>
<testsuite name="testGetFahrstundenbyFahrlehrer" tests="3" skipped="0" failures="0" errors="0" timestamp="2020-12-18T17:32:00" hostname="DESKTOP-ANU2VG1" time="0.025">
  <properties/>
  <testcase name="getFahrstunden200V1" classname="testGetFahrstundenbyFahrlehrer" time="0.012"/>
  <testcase name="getFahrstunden200V2" classname="testGetFahrstundenbyFahrlehrer" time="0.008"/>
  <testcase name="getFahrstunden200V3" classname="testGetFahrstundenbyFahrlehrer" time="0.005"/>
  <system-out><![CDATA[Location: null
Location: null
Location: null
]]></system-out>
  <system-err><![CDATA[]]></system-err>
</testsuite>
