<?xml version="1.0" encoding="UTF-8"?>
<testsuite name="testAddFahrzeugbyVerwalter" tests="1" skipped="0" failures="0" errors="0" timestamp="2020-12-20T16:18:43" hostname="DESKTOP-ANU2VG1" time="0.024">
  <properties/>
  <testcase name="addFahrzeug" classname="testAddFahrzeugbyVerwalter" time="0.024"/>
  <system-out><![CDATA[lastrow: 4
Location: http://127.0.0.1:8080/fahrzeuge/4

]]></system-out>
  <system-err><![CDATA[]]></system-err>
</testsuite>
