<?xml version="1.0" encoding="UTF-8"?>
<testsuite name="testAddTheoriebyVerwalter" tests="1" skipped="0" failures="0" errors="0" timestamp="2020-12-21T11:58:45" hostname="DESKTOP-ANU2VG1" time="0.017">
  <properties/>
  <testcase name="addTheorie201" classname="testAddTheoriebyVerwalter" time="0.017"/>
  <system-out><![CDATA[Location: http://127.0.0.1:8080/theorieuebungen/10

]]></system-out>
  <system-err><![CDATA[]]></system-err>
</testsuite>
