<?xml version="1.0" encoding="UTF-8"?>
<testsuite name="testAddTheoriebyVerwalter" tests="1" skipped="0" failures="0" errors="0" timestamp="2020-12-18T17:32:00" hostname="DESKTOP-ANU2VG1" time="0.065">
  <properties/>
  <testcase name="addTheorie201" classname="testAddTheoriebyVerwalter" time="0.065"/>
  <system-out><![CDATA[lastrow: 12
prID: 12
lastrow: 13
Location: http://127.0.0.1:8080/theorieuebungen/13

]]></system-out>
  <system-err><![CDATA[]]></system-err>
</testsuite>
