<?xml version="1.0" encoding="UTF-8"?>
<testsuite name="testAddFahrlehrer" tests="3" skipped="0" failures="0" errors="0" timestamp="2020-12-20T20:03:35" hostname="DESKTOP-ANU2VG1" time="0.07">
  <properties/>
  <testcase name="addFahrlehrer400V1" classname="testAddFahrlehrer" time="0.011"/>
  <testcase name="addFahrlehrer400V2" classname="testAddFahrlehrer" time="0.005"/>
  <testcase name="addFahrlehrer201" classname="testAddFahrlehrer" time="0.053"/>
  <system-out><![CDATA[Location: null

Location: null

Location: http://127.0.0.1:8080/fahrlehrer/8

]]></system-out>
  <system-err><![CDATA[]]></system-err>
</testsuite>
