<?xml version="1.0" encoding="UTF-8"?>
<testsuite name="testAddFahrzeugbyVerwalter" tests="1" skipped="0" failures="0" errors="0" timestamp="2020-12-18T17:32:00" hostname="DESKTOP-ANU2VG1" time="0.086">
  <properties/>
  <testcase name="addFahrzeug" classname="testAddFahrzeugbyVerwalter" time="0.086"/>
  <system-out><![CDATA[Location: http://127.0.0.1:8080/fahrzeuge/NE-0404

]]></system-out>
  <system-err><![CDATA[]]></system-err>
</testsuite>
