<?xml version="1.0" encoding="UTF-8"?>
<testsuite name="testAddFahrstundenbyFahrlehrer" tests="3" skipped="0" failures="0" errors="0" timestamp="2020-12-20T19:59:26" hostname="DESKTOP-ANU2VG1" time="0.133">
  <properties/>
  <testcase name="addFahrstunde201" classname="testAddFahrstundenbyFahrlehrer" time="0.077"/>
  <testcase name="addFahrstunde400V1" classname="testAddFahrstundenbyFahrlehrer" time="0.038"/>
  <testcase name="addFahrstunde400V2" classname="testAddFahrstundenbyFahrlehrer" time="0.016"/>
  <system-out><![CDATA[rownum: 71
Location: http://127.0.0.1:8080/fahrstunden/71

Location: null

Location: null

]]></system-out>
  <system-err><![CDATA[]]></system-err>
</testsuite>
