<?xml version="1.0" encoding="UTF-8"?>
<testsuite name="testGetPruefungbyVerwalter" tests="5" skipped="0" failures="0" errors="0" timestamp="2020-12-18T17:32:00" hostname="DESKTOP-ANU2VG1" time="0.059">
  <properties/>
  <testcase name="getPruefungen200V1" classname="testGetPruefungbyVerwalter" time="0.014"/>
  <testcase name="getPruefungen200V2" classname="testGetPruefungbyVerwalter" time="0.007"/>
  <testcase name="getPruefungen200V3" classname="testGetPruefungbyVerwalter" time="0.005"/>
  <testcase name="getPruefungen200V4" classname="testGetPruefungbyVerwalter" time="0.014"/>
  <testcase name="getPruefungen200V5" classname="testGetPruefungbyVerwalter" time="0.015"/>
  <system-out><![CDATA[Location: null
Location: null
Location: null
Location: null
Location: null
]]></system-out>
  <system-err><![CDATA[]]></system-err>
</testsuite>
