<?xml version="1.0" encoding="UTF-8"?>
<testsuite name="testAddFahrstundenbyFahrlehrer" tests="3" skipped="0" failures="0" errors="0" timestamp="2020-12-20T20:03:35" hostname="DESKTOP-ANU2VG1" time="0.085">
  <properties/>
  <testcase name="addFahrstunde201" classname="testAddFahrstundenbyFahrlehrer" time="0.052"/>
  <testcase name="addFahrstunde400V1" classname="testAddFahrstundenbyFahrlehrer" time="0.024"/>
  <testcase name="addFahrstunde400V2" classname="testAddFahrstundenbyFahrlehrer" time="0.009"/>
  <system-out><![CDATA[Location: http://127.0.0.1:8080/fahrstunden/71

Location: null

Location: null

]]></system-out>
  <system-err><![CDATA[]]></system-err>
</testsuite>
