<?xml version="1.0" encoding="UTF-8"?>
<testsuite name="testAddAdmin" tests="4" skipped="0" failures="0" errors="0" timestamp="2020-12-20T19:59:25" hostname="DESKTOP-ANU2VG1" time="0.272">
  <properties/>
  <testcase name="addschueler400V1" classname="testAddAdmin" time="0.179"/>
  <testcase name="addschueler400V2" classname="testAddAdmin" time="0.017"/>
  <testcase name="addschueler400V3" classname="testAddAdmin" time="0.008"/>
  <testcase name="addschueler201" classname="testAddAdmin" time="0.067"/>
  <system-out><![CDATA[


rownum: 4
Location: http://127.0.0.1:8080/admins/4

]]></system-out>
  <system-err><![CDATA[]]></system-err>
</testsuite>
