<?xml version="1.0" encoding="UTF-8"?>
<testsuite name="testAddSchuelerzuTheoriebySchueler" tests="1" skipped="0" failures="0" errors="0" timestamp="2020-12-21T11:58:45" hostname="DESKTOP-ANU2VG1" time="0.023">
  <properties/>
  <testcase name="addSchuelerzuPruefung201" classname="testAddSchuelerzuTheoriebySchueler" time="0.023"/>
  <system-out><![CDATA[Location: http://127.0.0.1:8080/theorieuebungen/4/fahrschueler/18

]]></system-out>
  <system-err><![CDATA[]]></system-err>
</testsuite>
