<?xml version="1.0" encoding="UTF-8"?>
<testsuite name="testGetAdresse" tests="2" skipped="0" failures="0" errors="0" timestamp="2020-12-20T20:03:35" hostname="DESKTOP-ANU2VG1" time="0.016">
  <properties/>
  <testcase name="getAdresse200WithHausnummer" classname="testGetAdresse" time="0.011"/>
  <testcase name="getAdresse200WithoutParams" classname="testGetAdresse" time="0.005"/>
  <system-out><![CDATA[Location: null
Location: null
]]></system-out>
  <system-err><![CDATA[]]></system-err>
</testsuite>
