<?xml version="1.0" encoding="UTF-8"?>
<testsuite name="testGetFahrstundenbyFahrlehrer" tests="3" skipped="0" failures="0" errors="0" timestamp="2020-12-20T19:59:27" hostname="DESKTOP-ANU2VG1" time="0.029">
  <properties/>
  <testcase name="getFahrstunden200V1" classname="testGetFahrstundenbyFahrlehrer" time="0.016"/>
  <testcase name="getFahrstunden200V2" classname="testGetFahrstundenbyFahrlehrer" time="0.007"/>
  <testcase name="getFahrstunden200V3" classname="testGetFahrstundenbyFahrlehrer" time="0.005"/>
  <system-out><![CDATA[Location: null
Location: null
Location: null
]]></system-out>
  <system-err><![CDATA[]]></system-err>
</testsuite>
