<?xml version="1.0" encoding="UTF-8"?>
<testsuite name="testGetFahrlehrer" tests="4" skipped="0" failures="0" errors="0" timestamp="2020-12-20T16:18:44" hostname="DESKTOP-ANU2VG1" time="0.02">
  <properties/>
  <testcase name="getFahrlehrer200Withnachname" classname="testGetFahrlehrer" time="0.004"/>
  <testcase name="getFahrlehrer200Withlizenzdatum" classname="testGetFahrlehrer" time="0.005"/>
  <testcase name="getFahrlehrer200WithoutParams" classname="testGetFahrlehrer" time="0.005"/>
  <testcase name="getFahrlehrer200WithBothParams" classname="testGetFahrlehrer" time="0.006"/>
  <system-out><![CDATA[Location: null
Location: null
Location: null
Location: null
]]></system-out>
  <system-err><![CDATA[]]></system-err>
</testsuite>
