<?xml version="1.0" encoding="UTF-8"?>
<testsuite name="testGetTheoriestunde" tests="5" skipped="0" failures="0" errors="0" timestamp="2020-12-18T17:32:01" hostname="DESKTOP-ANU2VG1" time="0.046">
  <properties/>
  <testcase name="getTheoriestunde200Withfahrschulid" classname="testGetTheoriestunde" time="0.011"/>
  <testcase name="getTheoriestunde200Withfahrschulidandthemabezeichnungunddauer" classname="testGetTheoriestunde" time="0.014"/>
  <testcase name="getTheoriestunde200WithoutParams" classname="testGetTheoriestunde" time="0.006"/>
  <testcase name="getTheoriestunde200WithAllParams" classname="testGetTheoriestunde" time="0.006"/>
  <testcase name="getTheoriestunde200Withfahrschulidandthemabezeichnung" classname="testGetTheoriestunde" time="0.009"/>
  <system-out><![CDATA[Location: null
Location: null
Location: null
Location: null
Location: null
]]></system-out>
  <system-err><![CDATA[]]></system-err>
</testsuite>
